rake aborted!
ActiveRecord::NoDatabaseError: FATAL:  role "ubuntu" does not exist
Run `$ bin/rake db:create db:migrate` to create your database
/Users/Kat/.rvm/gems/ruby-2.1.2/gems/activerecord-4.1.8/lib/active_record/connection_adapters/postgresql_adapter.rb:898:in `rescue in connect'
/Users/Kat/.rvm/gems/ruby-2.1.2/gems/activerecord-4.1.8/lib/active_record/connection_adapters/postgresql_adapter.rb:888:in `connect'
/Users/Kat/.rvm/gems/ruby-2.1.2/gems/activerecord-4.1.8/lib/active_record/connection_adapters/postgresql_adapter.rb:568:in `initialize'
/Users/Kat/.rvm/gems/ruby-2.1.2/gems/activerecord-4.1.8/lib/active_record/connection_adapters/postgresql_adapter.rb:41:in `new'
/Users/Kat/.rvm/gems/ruby-2.1.2/gems/activerecord-4.1.8/lib/active_record/connection_adapters/postgresql_adapter.rb:41:in `postgresql_connection'
/Users/Kat/.rvm/gems/ruby-2.1.2/gems/activerecord-4.1.8/lib/active_record/connection_adapters/abstract/connection_pool.rb:435:in `new_connection'
/Users/Kat/.rvm/gems/ruby-2.1.2/gems/activerecord-4.1.8/lib/active_record/connection_adapters/abstract/connection_pool.rb:445:in `checkout_new_connection'
/Users/Kat/.rvm/gems/ruby-2.1.2/gems/activerecord-4.1.8/lib/active_record/connection_adapters/abstract/connection_pool.rb:416:in `acquire_connection'
/Users/Kat/.rvm/gems/ruby-2.1.2/gems/activerecord-4.1.8/lib/active_record/connection_adapters/abstract/connection_pool.rb:351:in `block in checkout'
/Users/Kat/.rvm/gems/ruby-2.1.2/gems/activerecord-4.1.8/lib/active_record/connection_adapters/abstract/connection_pool.rb:350:in `checkout'
/Users/Kat/.rvm/gems/ruby-2.1.2/gems/activerecord-4.1.8/lib/active_record/connection_adapters/abstract/connection_pool.rb:265:in `block in connection'
/Users/Kat/.rvm/gems/ruby-2.1.2/gems/activerecord-4.1.8/lib/active_record/connection_adapters/abstract/connection_pool.rb:264:in `connection'
/Users/Kat/.rvm/gems/ruby-2.1.2/gems/activerecord-4.1.8/lib/active_record/connection_adapters/abstract/connection_pool.rb:541:in `retrieve_connection'
/Users/Kat/.rvm/gems/ruby-2.1.2/gems/activerecord-4.1.8/lib/active_record/connection_handling.rb:113:in `retrieve_connection'
/Users/Kat/.rvm/gems/ruby-2.1.2/gems/activerecord-4.1.8/lib/active_record/connection_handling.rb:87:in `connection'
/Users/Kat/.rvm/gems/ruby-2.1.2/gems/activerecord-4.1.8/lib/active_record/sanitization.rb:129:in `replace_bind_variables'
/Users/Kat/.rvm/gems/ruby-2.1.2/gems/activerecord-4.1.8/lib/active_record/sanitization.rb:118:in `sanitize_sql_array'
/Users/Kat/.rvm/gems/ruby-2.1.2/gems/activerecord-4.1.8/lib/active_record/sanitization.rb:26:in `sanitize_sql_for_conditions'
/Users/Kat/.rvm/gems/ruby-2.1.2/gems/activerecord-4.1.8/lib/active_record/relation/query_methods.rb:948:in `build_where'
/Users/Kat/.rvm/gems/ruby-2.1.2/gems/activerecord-4.1.8/lib/active_record/relation/query_methods.rb:572:in `where!'
/Users/Kat/.rvm/gems/ruby-2.1.2/gems/activerecord-4.1.8/lib/active_record/relation/query_methods.rb:559:in `where'
/Users/Kat/.rvm/gems/ruby-2.1.2/gems/activerecord-4.1.8/lib/active_record/querying.rb:10:in `where'
/Users/Kat/Desktop/ada-dev-projects/capstone-api/app/custom/update_data.rb:4:in `remove_existing_records'
/Users/Kat/Desktop/ada-dev-projects/capstone-api/app/models/noise.rb:127:in `refresh_data'
/Users/Kat/Desktop/ada-dev-projects/capstone-api/lib/tasks/update.rake:2:in `block in <top (required)>'
/Users/Kat/.rvm/gems/ruby-2.1.2/bin/ruby_executable_hooks:15:in `eval'
/Users/Kat/.rvm/gems/ruby-2.1.2/bin/ruby_executable_hooks:15:in `<main>'
PG::ConnectionBad: FATAL:  role "ubuntu" does not exist
Run `$ bin/rake db:create db:migrate` to create your database
/Users/Kat/.rvm/gems/ruby-2.1.2/gems/activerecord-4.1.8/lib/active_record/connection_adapters/postgresql_adapter.rb:888:in `initialize'
/Users/Kat/.rvm/gems/ruby-2.1.2/gems/activerecord-4.1.8/lib/active_record/connection_adapters/postgresql_adapter.rb:888:in `new'
/Users/Kat/.rvm/gems/ruby-2.1.2/gems/activerecord-4.1.8/lib/active_record/connection_adapters/postgresql_adapter.rb:888:in `connect'
/Users/Kat/.rvm/gems/ruby-2.1.2/gems/activerecord-4.1.8/lib/active_record/connection_adapters/postgresql_adapter.rb:568:in `initialize'
/Users/Kat/.rvm/gems/ruby-2.1.2/gems/activerecord-4.1.8/lib/active_record/connection_adapters/postgresql_adapter.rb:41:in `new'
/Users/Kat/.rvm/gems/ruby-2.1.2/gems/activerecord-4.1.8/lib/active_record/connection_adapters/postgresql_adapter.rb:41:in `postgresql_connection'
/Users/Kat/.rvm/gems/ruby-2.1.2/gems/activerecord-4.1.8/lib/active_record/connection_adapters/abstract/connection_pool.rb:435:in `new_connection'
/Users/Kat/.rvm/gems/ruby-2.1.2/gems/activerecord-4.1.8/lib/active_record/connection_adapters/abstract/connection_pool.rb:445:in `checkout_new_connection'
/Users/Kat/.rvm/gems/ruby-2.1.2/gems/activerecord-4.1.8/lib/active_record/connection_adapters/abstract/connection_pool.rb:416:in `acquire_connection'
/Users/Kat/.rvm/gems/ruby-2.1.2/gems/activerecord-4.1.8/lib/active_record/connection_adapters/abstract/connection_pool.rb:351:in `block in checkout'
/Users/Kat/.rvm/gems/ruby-2.1.2/gems/activerecord-4.1.8/lib/active_record/connection_adapters/abstract/connection_pool.rb:350:in `checkout'
/Users/Kat/.rvm/gems/ruby-2.1.2/gems/activerecord-4.1.8/lib/active_record/connection_adapters/abstract/connection_pool.rb:265:in `block in connection'
/Users/Kat/.rvm/gems/ruby-2.1.2/gems/activerecord-4.1.8/lib/active_record/connection_adapters/abstract/connection_pool.rb:264:in `connection'
/Users/Kat/.rvm/gems/ruby-2.1.2/gems/activerecord-4.1.8/lib/active_record/connection_adapters/abstract/connection_pool.rb:541:in `retrieve_connection'
/Users/Kat/.rvm/gems/ruby-2.1.2/gems/activerecord-4.1.8/lib/active_record/connection_handling.rb:113:in `retrieve_connection'
/Users/Kat/.rvm/gems/ruby-2.1.2/gems/activerecord-4.1.8/lib/active_record/connection_handling.rb:87:in `connection'
/Users/Kat/.rvm/gems/ruby-2.1.2/gems/activerecord-4.1.8/lib/active_record/sanitization.rb:129:in `replace_bind_variables'
/Users/Kat/.rvm/gems/ruby-2.1.2/gems/activerecord-4.1.8/lib/active_record/sanitization.rb:118:in `sanitize_sql_array'
/Users/Kat/.rvm/gems/ruby-2.1.2/gems/activerecord-4.1.8/lib/active_record/sanitization.rb:26:in `sanitize_sql_for_conditions'
/Users/Kat/.rvm/gems/ruby-2.1.2/gems/activerecord-4.1.8/lib/active_record/relation/query_methods.rb:948:in `build_where'
/Users/Kat/.rvm/gems/ruby-2.1.2/gems/activerecord-4.1.8/lib/active_record/relation/query_methods.rb:572:in `where!'
/Users/Kat/.rvm/gems/ruby-2.1.2/gems/activerecord-4.1.8/lib/active_record/relation/query_methods.rb:559:in `where'
/Users/Kat/.rvm/gems/ruby-2.1.2/gems/activerecord-4.1.8/lib/active_record/querying.rb:10:in `where'
/Users/Kat/Desktop/ada-dev-projects/capstone-api/app/custom/update_data.rb:4:in `remove_existing_records'
/Users/Kat/Desktop/ada-dev-projects/capstone-api/app/models/noise.rb:127:in `refresh_data'
/Users/Kat/Desktop/ada-dev-projects/capstone-api/lib/tasks/update.rake:2:in `block in <top (required)>'
/Users/Kat/.rvm/gems/ruby-2.1.2/bin/ruby_executable_hooks:15:in `eval'
/Users/Kat/.rvm/gems/ruby-2.1.2/bin/ruby_executable_hooks:15:in `<main>'
Tasks: TOP => update_data
(See full trace by running task with --trace)
rake aborted!
ActiveRecord::NoDatabaseError: FATAL:  role "ubuntu" does not exist
Run `$ bin/rake db:create db:migrate` to create your database
/Users/Kat/.rvm/gems/ruby-2.1.2/gems/activerecord-4.1.8/lib/active_record/connection_adapters/postgresql_adapter.rb:898:in `rescue in connect'
/Users/Kat/.rvm/gems/ruby-2.1.2/gems/activerecord-4.1.8/lib/active_record/connection_adapters/postgresql_adapter.rb:888:in `connect'
/Users/Kat/.rvm/gems/ruby-2.1.2/gems/activerecord-4.1.8/lib/active_record/connection_adapters/postgresql_adapter.rb:568:in `initialize'
/Users/Kat/.rvm/gems/ruby-2.1.2/gems/activerecord-4.1.8/lib/active_record/connection_adapters/postgresql_adapter.rb:41:in `new'
/Users/Kat/.rvm/gems/ruby-2.1.2/gems/activerecord-4.1.8/lib/active_record/connection_adapters/postgresql_adapter.rb:41:in `postgresql_connection'
/Users/Kat/.rvm/gems/ruby-2.1.2/gems/activerecord-4.1.8/lib/active_record/connection_adapters/abstract/connection_pool.rb:435:in `new_connection'
/Users/Kat/.rvm/gems/ruby-2.1.2/gems/activerecord-4.1.8/lib/active_record/connection_adapters/abstract/connection_pool.rb:445:in `checkout_new_connection'
/Users/Kat/.rvm/gems/ruby-2.1.2/gems/activerecord-4.1.8/lib/active_record/connection_adapters/abstract/connection_pool.rb:416:in `acquire_connection'
/Users/Kat/.rvm/gems/ruby-2.1.2/gems/activerecord-4.1.8/lib/active_record/connection_adapters/abstract/connection_pool.rb:351:in `block in checkout'
/Users/Kat/.rvm/gems/ruby-2.1.2/gems/activerecord-4.1.8/lib/active_record/connection_adapters/abstract/connection_pool.rb:350:in `checkout'
/Users/Kat/.rvm/gems/ruby-2.1.2/gems/activerecord-4.1.8/lib/active_record/connection_adapters/abstract/connection_pool.rb:265:in `block in connection'
/Users/Kat/.rvm/gems/ruby-2.1.2/gems/activerecord-4.1.8/lib/active_record/connection_adapters/abstract/connection_pool.rb:264:in `connection'
/Users/Kat/.rvm/gems/ruby-2.1.2/gems/activerecord-4.1.8/lib/active_record/connection_adapters/abstract/connection_pool.rb:541:in `retrieve_connection'
/Users/Kat/.rvm/gems/ruby-2.1.2/gems/activerecord-4.1.8/lib/active_record/connection_handling.rb:113:in `retrieve_connection'
/Users/Kat/.rvm/gems/ruby-2.1.2/gems/activerecord-4.1.8/lib/active_record/connection_handling.rb:87:in `connection'
/Users/Kat/.rvm/gems/ruby-2.1.2/gems/activerecord-4.1.8/lib/active_record/sanitization.rb:129:in `replace_bind_variables'
/Users/Kat/.rvm/gems/ruby-2.1.2/gems/activerecord-4.1.8/lib/active_record/sanitization.rb:118:in `sanitize_sql_array'
/Users/Kat/.rvm/gems/ruby-2.1.2/gems/activerecord-4.1.8/lib/active_record/sanitization.rb:26:in `sanitize_sql_for_conditions'
/Users/Kat/.rvm/gems/ruby-2.1.2/gems/activerecord-4.1.8/lib/active_record/relation/query_methods.rb:948:in `build_where'
/Users/Kat/.rvm/gems/ruby-2.1.2/gems/activerecord-4.1.8/lib/active_record/relation/query_methods.rb:572:in `where!'
/Users/Kat/.rvm/gems/ruby-2.1.2/gems/activerecord-4.1.8/lib/active_record/relation/query_methods.rb:559:in `where'
/Users/Kat/.rvm/gems/ruby-2.1.2/gems/activerecord-4.1.8/lib/active_record/querying.rb:10:in `where'
/Users/Kat/Desktop/ada-dev-projects/capstone-api/app/custom/update_data.rb:4:in `remove_existing_records'
/Users/Kat/Desktop/ada-dev-projects/capstone-api/app/models/noise.rb:127:in `refresh_data'
/Users/Kat/Desktop/ada-dev-projects/capstone-api/lib/tasks/update.rake:2:in `block in <top (required)>'
/Users/Kat/.rvm/gems/ruby-2.1.2/bin/ruby_executable_hooks:15:in `eval'
/Users/Kat/.rvm/gems/ruby-2.1.2/bin/ruby_executable_hooks:15:in `<main>'
PG::ConnectionBad: FATAL:  role "ubuntu" does not exist
Run `$ bin/rake db:create db:migrate` to create your database
/Users/Kat/.rvm/gems/ruby-2.1.2/gems/activerecord-4.1.8/lib/active_record/connection_adapters/postgresql_adapter.rb:888:in `initialize'
/Users/Kat/.rvm/gems/ruby-2.1.2/gems/activerecord-4.1.8/lib/active_record/connection_adapters/postgresql_adapter.rb:888:in `new'
/Users/Kat/.rvm/gems/ruby-2.1.2/gems/activerecord-4.1.8/lib/active_record/connection_adapters/postgresql_adapter.rb:888:in `connect'
/Users/Kat/.rvm/gems/ruby-2.1.2/gems/activerecord-4.1.8/lib/active_record/connection_adapters/postgresql_adapter.rb:568:in `initialize'
/Users/Kat/.rvm/gems/ruby-2.1.2/gems/activerecord-4.1.8/lib/active_record/connection_adapters/postgresql_adapter.rb:41:in `new'
/Users/Kat/.rvm/gems/ruby-2.1.2/gems/activerecord-4.1.8/lib/active_record/connection_adapters/postgresql_adapter.rb:41:in `postgresql_connection'
/Users/Kat/.rvm/gems/ruby-2.1.2/gems/activerecord-4.1.8/lib/active_record/connection_adapters/abstract/connection_pool.rb:435:in `new_connection'
/Users/Kat/.rvm/gems/ruby-2.1.2/gems/activerecord-4.1.8/lib/active_record/connection_adapters/abstract/connection_pool.rb:445:in `checkout_new_connection'
/Users/Kat/.rvm/gems/ruby-2.1.2/gems/activerecord-4.1.8/lib/active_record/connection_adapters/abstract/connection_pool.rb:416:in `acquire_connection'
/Users/Kat/.rvm/gems/ruby-2.1.2/gems/activerecord-4.1.8/lib/active_record/connection_adapters/abstract/connection_pool.rb:351:in `block in checkout'
/Users/Kat/.rvm/gems/ruby-2.1.2/gems/activerecord-4.1.8/lib/active_record/connection_adapters/abstract/connection_pool.rb:350:in `checkout'
/Users/Kat/.rvm/gems/ruby-2.1.2/gems/activerecord-4.1.8/lib/active_record/connection_adapters/abstract/connection_pool.rb:265:in `block in connection'
/Users/Kat/.rvm/gems/ruby-2.1.2/gems/activerecord-4.1.8/lib/active_record/connection_adapters/abstract/connection_pool.rb:264:in `connection'
/Users/Kat/.rvm/gems/ruby-2.1.2/gems/activerecord-4.1.8/lib/active_record/connection_adapters/abstract/connection_pool.rb:541:in `retrieve_connection'
/Users/Kat/.rvm/gems/ruby-2.1.2/gems/activerecord-4.1.8/lib/active_record/connection_handling.rb:113:in `retrieve_connection'
/Users/Kat/.rvm/gems/ruby-2.1.2/gems/activerecord-4.1.8/lib/active_record/connection_handling.rb:87:in `connection'
/Users/Kat/.rvm/gems/ruby-2.1.2/gems/activerecord-4.1.8/lib/active_record/sanitization.rb:129:in `replace_bind_variables'
/Users/Kat/.rvm/gems/ruby-2.1.2/gems/activerecord-4.1.8/lib/active_record/sanitization.rb:118:in `sanitize_sql_array'
/Users/Kat/.rvm/gems/ruby-2.1.2/gems/activerecord-4.1.8/lib/active_record/sanitization.rb:26:in `sanitize_sql_for_conditions'
/Users/Kat/.rvm/gems/ruby-2.1.2/gems/activerecord-4.1.8/lib/active_record/relation/query_methods.rb:948:in `build_where'
/Users/Kat/.rvm/gems/ruby-2.1.2/gems/activerecord-4.1.8/lib/active_record/relation/query_methods.rb:572:in `where!'
/Users/Kat/.rvm/gems/ruby-2.1.2/gems/activerecord-4.1.8/lib/active_record/relation/query_methods.rb:559:in `where'
/Users/Kat/.rvm/gems/ruby-2.1.2/gems/activerecord-4.1.8/lib/active_record/querying.rb:10:in `where'
/Users/Kat/Desktop/ada-dev-projects/capstone-api/app/custom/update_data.rb:4:in `remove_existing_records'
/Users/Kat/Desktop/ada-dev-projects/capstone-api/app/models/noise.rb:127:in `refresh_data'
/Users/Kat/Desktop/ada-dev-projects/capstone-api/lib/tasks/update.rake:2:in `block in <top (required)>'
/Users/Kat/.rvm/gems/ruby-2.1.2/bin/ruby_executable_hooks:15:in `eval'
/Users/Kat/.rvm/gems/ruby-2.1.2/bin/ruby_executable_hooks:15:in `<main>'
Tasks: TOP => update_data
(See full trace by running task with --trace)
